<?xml version="1.0" encoding="UTF-8"?>
<!-- Generated by org.testng.reporters.JUnitReportReporter -->
<testsuite hostname="DESKTOP-0K2A0LK" failures="0" tests="3" name="com.qa.opencart.tests.LoginPageTest" time="6.713" errors="0" timestamp="2023-10-23T07:31:49 BST" skipped="0">
  <testcase classname="com.qa.opencart.tests.LoginPageTest" name="loginPageNavigationTest" time="4.810"/>
  <testcase classname="com.qa.opencart.tests.LoginPageTest" name="forgotPwdLinkTest" time="0.134"/>
  <testcase classname="com.qa.opencart.tests.LoginPageTest" name="appLoginTest" time="1.769"/>
</testsuite> <!-- com.qa.opencart.tests.LoginPageTest -->
