<?xml version="1.0" encoding="UTF-8"?>
<!-- Generated by org.testng.reporters.JUnitReportReporter -->
<testsuite hostname="DESKTOP-0K2A0LK" failures="0" tests="5" name="com.qa.opencart.tests.HomePageTests" time="6.915" errors="0" timestamp="2023-10-23T07:31:49 BST" skipped="0">
  <testcase classname="com.qa.opencart.tests.HomePageTests" name="homePageURLTest" time="0.042"/>
  <testcase classname="com.qa.opencart.tests.HomePageTests" name="homePageTitleTest" time="0.798"/>
  <testcase classname="com.qa.opencart.tests.HomePageTests" name="searchTest" time="2.994"/>
  <testcase classname="com.qa.opencart.tests.HomePageTests" name="searchTest" time="1.604"/>
  <testcase classname="com.qa.opencart.tests.HomePageTests" name="searchTest" time="1.477"/>
</testsuite> <!-- com.qa.opencart.tests.HomePageTests -->
